============= TRAIN LOG =============
TIMESTAMP: 2025-11-15 14:07:19
Optimizer: Adam
Learning Rate: 0.0005
Epochs: 20
Contine Train: False
Num of sample: 60000
Epoch 0 | Total Avg Loss: 0.2923

Epoch 1 | Total Avg Loss: 0.1306

Epoch 2 | Total Avg Loss: 0.0870

Epoch 3 | Total Avg Loss: 0.0628

Epoch 4 | Total Avg Loss: 0.0465

Epoch 5 | Total Avg Loss: 0.0345

Epoch 6 | Total Avg Loss: 0.0257

Epoch 7 | Total Avg Loss: 0.0187

Epoch 8 | Total Avg Loss: 0.0135

Epoch 9 | Total Avg Loss: 0.0098

Epoch 10 | Total Avg Loss: 0.0073

Epoch 11 | Total Avg Loss: 0.0068

Epoch 12 | Total Avg Loss: 0.0055

Epoch 13 | Total Avg Loss: 0.0057

Epoch 14 | Total Avg Loss: 0.0038

Epoch 15 | Total Avg Loss: 0.0043

Epoch 16 | Total Avg Loss: 0.0026

Epoch 17 | Total Avg Loss: 0.0032

Epoch 18 | Total Avg Loss: 0.0031

Epoch 19 | Total Avg Loss: 0.0034

Saved model and loss curve as AdamL1.pkl and AdamL2.pkl and AdamLossCurve.png
============= TRAIN LOG =============
============= TEST LOG =============
TIMESTAMP: 2025-11-16 11:17:54
Optimizer: Adam
Test Accuracy: 0.9774
