============= TRAIN LOG =============
TIMESTAMP: 2025-11-15 14:05:39
Optimizer: SGD
Learning Rate: 0.0005
Epochs: 20
Contine Train: False
Num of sample: 60000
Epoch 0 | Total Avg Loss: 0.2867

Epoch 1 | Total Avg Loss: 0.1283

Epoch 2 | Total Avg Loss: 0.0858

Epoch 3 | Total Avg Loss: 0.0618

Epoch 4 | Total Avg Loss: 0.0458

Epoch 5 | Total Avg Loss: 0.0342

Epoch 6 | Total Avg Loss: 0.0254

Epoch 7 | Total Avg Loss: 0.0187

Epoch 8 | Total Avg Loss: 0.0137

Epoch 9 | Total Avg Loss: 0.0098

Epoch 10 | Total Avg Loss: 0.0077

Epoch 11 | Total Avg Loss: 0.0070

Epoch 12 | Total Avg Loss: 0.0058

Epoch 13 | Total Avg Loss: 0.0044

Epoch 14 | Total Avg Loss: 0.0031

Epoch 15 | Total Avg Loss: 0.0049

Epoch 16 | Total Avg Loss: 0.0022

Epoch 17 | Total Avg Loss: 0.0037

Epoch 18 | Total Avg Loss: 0.0031

Epoch 19 | Total Avg Loss: 0.0021

Saved model and loss curve as SGDL1.pkl and SGDL2.pkl and SGDLossCurve.png
============= TRAIN LOG =============
============= TEST LOG =============
TIMESTAMP: 2025-11-16 11:17:44
Optimizer: SGD
Test Accuracy: 0.9808
