============= TRAIN LOG =============
TIMESTAMP: 2025-11-15 14:02:11
Optimizer: SGD
Learning Rate: 0.001
Epochs: 20
Contine Train: False
Num of sample: 60000
Epoch 0 | Total Avg Loss: 0.2352

Epoch 1 | Total Avg Loss: 0.0995

Epoch 2 | Total Avg Loss: 0.0630

Epoch 3 | Total Avg Loss: 0.0423

Epoch 4 | Total Avg Loss: 0.0292

Epoch 5 | Total Avg Loss: 0.0202

Epoch 6 | Total Avg Loss: 0.0156

Epoch 7 | Total Avg Loss: 0.0129

Epoch 8 | Total Avg Loss: 0.0114

Epoch 9 | Total Avg Loss: 0.0108

Epoch 10 | Total Avg Loss: 0.0101

Epoch 11 | Total Avg Loss: 0.0077

Epoch 12 | Total Avg Loss: 0.0082

Epoch 13 | Total Avg Loss: 0.0065

Epoch 14 | Total Avg Loss: 0.0053

Epoch 15 | Total Avg Loss: 0.0080

Epoch 16 | Total Avg Loss: 0.0066

Epoch 17 | Total Avg Loss: 0.0054

Epoch 18 | Total Avg Loss: 0.0053

Epoch 19 | Total Avg Loss: 0.0060

Saved model and loss curve as SGDL1.pkl and SGDL2.pkl and SGDLossCurve.png
============= TRAIN LOG =============
============= TEST LOG =============
TIMESTAMP: 2025-11-16 11:15:25
Optimizer: SGD
Test Accuracy: 0.9783
