============= TRAIN LOG =============
TIMESTAMP: 2025-11-15 14:04:53
Optimizer: Adam
Learning Rate: 0.001
Epochs: 20
Contine Train: False
Num of sample: 60000
Epoch 0 | Total Avg Loss: 0.2091

Epoch 1 | Total Avg Loss: 0.0886

Epoch 2 | Total Avg Loss: 0.0555

Epoch 3 | Total Avg Loss: 0.0369

Epoch 4 | Total Avg Loss: 0.0264

Epoch 5 | Total Avg Loss: 0.0200

Epoch 6 | Total Avg Loss: 0.0175

Epoch 7 | Total Avg Loss: 0.0130

Epoch 8 | Total Avg Loss: 0.0129

Epoch 9 | Total Avg Loss: 0.0110

Epoch 10 | Total Avg Loss: 0.0109

Epoch 11 | Total Avg Loss: 0.0103

Epoch 12 | Total Avg Loss: 0.0090

Epoch 13 | Total Avg Loss: 0.0101

Epoch 14 | Total Avg Loss: 0.0072

Epoch 15 | Total Avg Loss: 0.0095

Epoch 16 | Total Avg Loss: 0.0066

Epoch 17 | Total Avg Loss: 0.0072

Epoch 18 | Total Avg Loss: 0.0076

Epoch 19 | Total Avg Loss: 0.0062

Saved model and loss curve as AdamL1.pkl and AdamL2.pkl and AdamLossCurve.png
============= TRAIN LOG =============
============= TEST LOG =============
TIMESTAMP: 2025-11-16 11:16:35
Optimizer: Adam
Test Accuracy: 0.9809
