============= TRAIN LOG =============
TIMESTAMP: 2025-11-15 14:04:13
Optimizer: SGD
Learning Rate: 0.001
Epochs: 20
Contine Train: False
Num of sample: 60000
Epoch 0 | Total Avg Loss: 0.2058

Epoch 1 | Total Avg Loss: 0.0865

Epoch 2 | Total Avg Loss: 0.0532

Epoch 3 | Total Avg Loss: 0.0355

Epoch 4 | Total Avg Loss: 0.0262

Epoch 5 | Total Avg Loss: 0.0196

Epoch 6 | Total Avg Loss: 0.0165

Epoch 7 | Total Avg Loss: 0.0158

Epoch 8 | Total Avg Loss: 0.0113

Epoch 9 | Total Avg Loss: 0.0117

Epoch 10 | Total Avg Loss: 0.0112

Epoch 11 | Total Avg Loss: 0.0093

Epoch 12 | Total Avg Loss: 0.0112

Epoch 13 | Total Avg Loss: 0.0079

Epoch 14 | Total Avg Loss: 0.0084

Epoch 15 | Total Avg Loss: 0.0102

Epoch 16 | Total Avg Loss: 0.0084

Epoch 17 | Total Avg Loss: 0.0087

Epoch 18 | Total Avg Loss: 0.0080

Epoch 19 | Total Avg Loss: 0.0067

Saved model and loss curve as SGDL1.pkl and SGDL2.pkl and SGDLossCurve.png
============= TRAIN LOG =============
============= TEST LOG =============
TIMESTAMP: 2025-11-16 11:16:49
Optimizer: SGD
Test Accuracy: 0.9786
