============= TRAIN LOG =============
TIMESTAMP: 2025-11-15 13:36:10
Optimizer: SGD
Learning Rate: 0.001
Epochs: 20
Contine Train: False
Num of sample: 60000
Epoch 0 | Total Avg Loss: 0.2393

Epoch 1 | Total Avg Loss: 0.1005

Epoch 2 | Total Avg Loss: 0.0646

Epoch 3 | Total Avg Loss: 0.0449

Epoch 4 | Total Avg Loss: 0.0328

Epoch 5 | Total Avg Loss: 0.0268

Epoch 6 | Total Avg Loss: 0.0203

Epoch 7 | Total Avg Loss: 0.0189

Epoch 8 | Total Avg Loss: 0.0155

Epoch 9 | Total Avg Loss: 0.0128

Epoch 10 | Total Avg Loss: 0.0118

Epoch 11 | Total Avg Loss: 0.0106

Epoch 12 | Total Avg Loss: 0.0105

Epoch 13 | Total Avg Loss: 0.0097

Epoch 14 | Total Avg Loss: 0.0081

Epoch 15 | Total Avg Loss: 0.0099

Epoch 16 | Total Avg Loss: 0.0075

Epoch 17 | Total Avg Loss: 0.0084

Epoch 18 | Total Avg Loss: 0.0071

Epoch 19 | Total Avg Loss: 0.0084

Saved model and loss curve as SGDL1.pkl and SGDL2.pkl and SGDLossCurve.png
============= TRAIN LOG =============
============= TEST LOG =============
TIMESTAMP: 2025-11-16 11:04:45
Optimizer: SGD
Test Accuracy: 0.9791
